2025-08-19 07:08:06,912 - INFO - Model Run Results - 2025-08-19 07:05:27
  File: baseline_rf.py
  Accuracy: 0.62
  Confusion Matrix:    0  1  2
0  4  3  1
1  3  5  0
2  2  0  6
--------------------------------------------------
2025-08-19 07:13:00,584 - INFO - Model Run Results - 2025-08-19 07:09:22
  File: baseline_lr.py
  Accuracy: 0.62
  Confusion Matrix:    0  1  2
0  4  3  1
1  2  6  0
2  3  0  5
--------------------------------------------------
2025-08-19 07:27:29,866 - INFO - Model Run Results - 2025-08-19 07:27:29
  File: baseline_rf.py
  Accuracy: 0.67
  Confusion Matrix:    0  1  2
0  5  2  1
1  3  5  0
2  2  0  6
--------------------------------------------------
2025-08-19 07:56:22,294 - INFO - Model Run Results - 2025-08-19 07:56:22
  File: aggr_based_pred.py
  Accuracy: 0.46
  Confusion Matrix:    0  1  2
0  1  5  2
1  2  5  1
2  3  0  5
--------------------------------------------------
2025-08-19 07:58:45,790 - INFO - Model Run Results - 2025-08-19 07:58:45
  File: aggr_based_pred.py
  Accuracy: 0.50
  Confusion Matrix:    0  1  2
0  2  5  1
1  2  5  1
2  3  0  5
--------------------------------------------------
2025-08-20 05:58:28,857 - INFO - Model Run Results - 2025-08-20 05:58:28
  File: baseline_rf_cv.py (Fold: 1 / 10)
  Accuracy: 0.7500
--------------------------------------------------
2025-08-20 06:00:24,113 - INFO - Model Run Results - 2025-08-20 06:00:24
  File: baseline_rf_cv.py (Fold: 2 / 10)
  Accuracy: 0.5000
--------------------------------------------------
2025-08-20 06:02:34,960 - INFO - Model Run Results - 2025-08-20 06:02:34
  File: baseline_rf_cv.py (Fold: 3 / 10)
  Accuracy: 0.7500
--------------------------------------------------
2025-08-20 06:05:04,173 - INFO - Model Run Results - 2025-08-20 06:05:04
  File: baseline_rf_cv.py (Fold: 4 / 10)
  Accuracy: 0.8333
--------------------------------------------------
2025-08-20 06:07:39,018 - INFO - Model Run Results - 2025-08-20 06:07:39
  File: baseline_rf_cv.py (Fold: 5 / 10)
  Accuracy: 0.6667
--------------------------------------------------
2025-08-20 06:10:07,733 - INFO - Model Run Results - 2025-08-20 06:10:07
  File: baseline_rf_cv.py (Fold: 6 / 10)
  Accuracy: 0.5833
--------------------------------------------------
2025-08-20 06:12:00,467 - INFO - Model Run Results - 2025-08-20 06:12:00
  File: baseline_rf_cv.py (Fold: 7 / 10)
  Accuracy: 0.6667
--------------------------------------------------
2025-08-20 06:13:59,807 - INFO - Model Run Results - 2025-08-20 06:13:59
  File: baseline_rf_cv.py (Fold: 8 / 10)
  Accuracy: 0.7500
--------------------------------------------------
2025-08-20 06:16:28,589 - INFO - Model Run Results - 2025-08-20 06:16:28
  File: baseline_rf_cv.py (Fold: 9 / 10)
  Accuracy: 0.7500
--------------------------------------------------
2025-08-20 06:18:26,665 - INFO - Model Run Results - 2025-08-20 06:18:26
  File: baseline_rf_cv.py (Fold: 10 / 10)
  Accuracy: 0.6667
--------------------------------------------------
2025-08-20 06:18:26,675 - INFO - Model Run Results - 2025-08-20 06:18:26
  File: baseline_rf_cv.py
  Accuracy: 0.6917± 0.0917
  Confusion Matrix:     0   1   2
0  26   8   6
1  11  26   5
2   6   1  31
--------------------------------------------------
